e:\vs\mfcapplication1\mfcapplication1\debug\mfcapplication1.pch
e:\vs\mfcapplication1\mfcapplication1\debug\vc142.pdb
e:\vs\mfcapplication1\mfcapplication1\debug\vc142.idb
e:\vs\mfcapplication1\mfcapplication1\debug\pch.obj
e:\vs\mfcapplication1\mfcapplication1\debug\mfcapplication1dlg.obj
e:\vs\mfcapplication1\mfcapplication1\debug\mfcapplication1.obj
e:\vs\mfcapplication1\mfcapplication1\debug\client.obj
e:\vs\mfcapplication1\debug\mfcapplication1.ilk
e:\vs\mfcapplication1\debug\mfcapplication1.exe
e:\vs\mfcapplication1\debug\mfcapplication1.pdb
e:\vs\mfcapplication1\mfcapplication1\debug\mfcapplication1.res
e:\vs\mfcapplication1\mfcapplication1\debug\mfcapplication1.tlog\cl.command.1.tlog
e:\vs\mfcapplication1\mfcapplication1\debug\mfcapplication1.tlog\cl.read.1.tlog
e:\vs\mfcapplication1\mfcapplication1\debug\mfcapplication1.tlog\cl.write.1.tlog
e:\vs\mfcapplication1\mfcapplication1\debug\mfcapplication1.tlog\link.command.1.tlog
e:\vs\mfcapplication1\mfcapplication1\debug\mfcapplication1.tlog\link.read.1.tlog
e:\vs\mfcapplication1\mfcapplication1\debug\mfcapplication1.tlog\link.write.1.tlog
e:\vs\mfcapplication1\mfcapplication1\debug\mfcapplication1.tlog\rc.command.1.tlog
e:\vs\mfcapplication1\mfcapplication1\debug\mfcapplication1.tlog\rc.read.1.tlog
e:\vs\mfcapplication1\mfcapplication1\debug\mfcapplication1.tlog\rc.write.1.tlog
