e:\vs\leason\chatroom\chatroom\chatroom\debug\chatroom.pch
e:\vs\leason\chatroom\chatroom\chatroom\debug\vc142.pdb
e:\vs\leason\chatroom\chatroom\chatroom\debug\vc142.idb
e:\vs\leason\chatroom\chatroom\chatroom\debug\pch.obj
e:\vs\leason\chatroom\chatroom\chatroom\debug\server.obj
e:\vs\leason\chatroom\chatroom\chatroom\debug\chatroomdlg.obj
e:\vs\leason\chatroom\chatroom\chatroom\debug\chatroom.obj
e:\vs\leason\chatroom\chatroom\debug\chatroom.exe
e:\vs\leason\chatroom\chatroom\debug\chatroom.ilk
e:\vs\leason\chatroom\chatroom\debug\chatroom.pdb
e:\vs\leason\chatroom\chatroom\chatroom\debug\chatroom.res
e:\vs\leason\chatroom\chatroom\chatroom\debug\chatroom.tlog\cl.command.1.tlog
e:\vs\leason\chatroom\chatroom\chatroom\debug\chatroom.tlog\cl.read.1.tlog
e:\vs\leason\chatroom\chatroom\chatroom\debug\chatroom.tlog\cl.write.1.tlog
e:\vs\leason\chatroom\chatroom\chatroom\debug\chatroom.tlog\link.command.1.tlog
e:\vs\leason\chatroom\chatroom\chatroom\debug\chatroom.tlog\link.read.1.tlog
e:\vs\leason\chatroom\chatroom\chatroom\debug\chatroom.tlog\link.write.1.tlog
e:\vs\leason\chatroom\chatroom\chatroom\debug\chatroom.tlog\rc.command.1.tlog
e:\vs\leason\chatroom\chatroom\chatroom\debug\chatroom.tlog\rc.read.1.tlog
e:\vs\leason\chatroom\chatroom\chatroom\debug\chatroom.tlog\rc.write.1.tlog
